14:17:01: Creating resource group General
14:17:01: Creating resource group Internal
14:17:01: Creating resource group Autodetect
14:17:01: SceneManagerFactory for type 'DefaultSceneManager' registered.
14:17:01: Registering ResourceManager for type Material
14:17:01: Registering ResourceManager for type Mesh
14:17:01: Registering ResourceManager for type Skeleton
14:17:01: MovableObjectFactory for type 'ParticleSystem' registered.
14:17:01: ArchiveFactory for archive type FileSystem registered.
14:17:01: ArchiveFactory for archive type Zip registered.
14:17:01: ArchiveFactory for archive type EmbeddedZip registered.
14:17:01: DDS codec registering
14:17:01: FreeImage version: 3.15.3
14:17:01: This program uses FreeImage, a free, open source image library supporting all common bitmap formats. See http://freeimage.sourceforge.net for details
14:17:01: Supported formats: bmp,ico,jpg,jif,jpeg,jpe,jng,koa,iff,lbm,mng,pbm,pbm,pcd,pcx,pgm,pgm,png,ppm,ppm,ras,tga,targa,tif,tiff,wap,wbmp,wbm,psd,cut,xbm,xpm,gif,hdr,g3,sgi,exr,j2k,j2c,jp2,pfm,pct,pict,pic
14:17:01: Registering ResourceManager for type HighLevelGpuProgram
14:17:01: Registering ResourceManager for type Compositor
14:17:01: MovableObjectFactory for type 'Entity' registered.
14:17:01: MovableObjectFactory for type 'Light' registered.
14:17:01: MovableObjectFactory for type 'BillboardSet' registered.
14:17:01: MovableObjectFactory for type 'ManualObject' registered.
14:17:01: MovableObjectFactory for type 'BillboardChain' registered.
14:17:01: MovableObjectFactory for type 'RibbonTrail' registered.
14:17:01: Loading library .\RenderSystem_GL
14:17:01: Installing plugin: GL RenderSystem
14:17:01: OpenGL Rendering Subsystem created.
14:17:01: Plugin successfully installed
14:17:01: Loading library .\ParticleUniverse
14:17:01: Installing plugin: ParticleUniverse
14:17:01: MovableObjectFactory for type 'PUParticleSystem' registered.
14:17:01: MovableObjectFactory for type 'BoxSet' registered.
14:17:01: MovableObjectFactory for type 'SphereSet' registered.
14:17:01: ParticleUniverse: Particle Renderer Type 'Beam' registered
14:17:01: ParticleUniverse: Particle Renderer Type 'Billboard' registered
14:17:01: ParticleUniverse: Particle Renderer Type 'Box' registered
14:17:01: ParticleUniverse: Particle Renderer Type 'Sphere' registered
14:17:01: ParticleUniverse: Particle Renderer Type 'Entity' registered
14:17:01: ParticleUniverse: Particle Renderer Type 'RibbonTrail' registered
14:17:01: ParticleUniverse: Particle Renderer Type 'Light' registered
14:17:01: ParticleUniverse: Particle Emitter Type 'Point' registered
14:17:01: ParticleUniverse: Particle Emitter Type 'Line' registered
14:17:01: ParticleUniverse: Particle Emitter Type 'Box' registered
14:17:01: ParticleUniverse: Particle Emitter Type 'Circle' registered
14:17:01: ParticleUniverse: Particle Emitter Type 'SphereSurface' registered
14:17:01: ParticleUniverse: Particle Emitter Type 'Vertex' registered
14:17:01: ParticleUniverse: Particle Emitter Type 'MeshSurface' registered
14:17:01: ParticleUniverse: Particle Emitter Type 'Position' registered
14:17:01: ParticleUniverse: Particle Emitter Type 'Slave' registered
14:17:01: ParticleUniverse: Particle Affector Type 'Dummy01' registered
14:17:01: ParticleUniverse: Particle Affector Type 'LinearForce' registered
14:17:01: ParticleUniverse: Particle Affector Type 'Gravity' registered
14:17:01: ParticleUniverse: Particle Affector Type 'ParticleFollower' registered
14:17:01: ParticleUniverse: Particle Affector Type 'Vortex' registered
14:17:01: ParticleUniverse: Particle Affector Type 'Randomiser' registered
14:17:01: ParticleUniverse: Particle Affector Type 'Line' registered
14:17:01: ParticleUniverse: Particle Affector Type 'Scale' registered
14:17:01: ParticleUniverse: Particle Affector Type 'ScaleVelocity' registered
14:17:01: ParticleUniverse: Particle Affector Type 'GeometryRotator' registered
14:17:01: ParticleUniverse: Particle Affector Type 'TextureRotator' registered
14:17:01: ParticleUniverse: Particle Affector Type 'TextureAnimator' registered
14:17:01: ParticleUniverse: Particle Affector Type 'Jet' registered
14:17:01: ParticleUniverse: Particle Affector Type 'Align' registered
14:17:01: ParticleUniverse: Particle Affector Type 'FlockCentering' registered
14:17:01: ParticleUniverse: Particle Affector Type 'CollisionAvoidance' registered
14:17:01: ParticleUniverse: Particle Affector Type 'VelocityMatching' registered
14:17:01: ParticleUniverse: Particle Affector Type 'Colour' registered
14:17:01: ParticleUniverse: Particle Affector Type 'SineForce' registered
14:17:01: ParticleUniverse: Particle Affector Type 'Dummy02' registered
14:17:01: ParticleUniverse: Particle Affector Type 'SphereCollider' registered
14:17:01: ParticleUniverse: Particle Affector Type 'PlaneCollider' registered
14:17:01: ParticleUniverse: Particle Affector Type 'BoxCollider' registered
14:17:01: ParticleUniverse: Particle Affector Type 'InterParticleCollider' registered
14:17:01: ParticleUniverse: Particle Affector Type 'PathFollower' registered
14:17:01: ParticleUniverse: Particle Affector Type 'ForceField' registered
14:17:01: ParticleUniverse: Particle Observer Type 'OnExpire' registered
14:17:01: ParticleUniverse: Particle Observer Type 'OnEmission' registered
14:17:01: ParticleUniverse: Particle Observer Type 'OnCount' registered
14:17:01: ParticleUniverse: Particle Observer Type 'OnEventFlag' registered
14:17:01: ParticleUniverse: Particle Observer Type 'OnCollision' registered
14:17:01: ParticleUniverse: Particle Observer Type 'OnVelocity' registered
14:17:01: ParticleUniverse: Particle Observer Type 'OnTime' registered
14:17:01: ParticleUniverse: Particle Observer Type 'OnPosition' registered
14:17:01: ParticleUniverse: Particle Observer Type 'OnClear' registered
14:17:01: ParticleUniverse: Particle Observer Type 'OnQuota' registered
14:17:01: ParticleUniverse: Particle Observer Type 'OnRandom' registered
14:17:01: ParticleUniverse: Particle EventHandler Type 'DoExpire' registered
14:17:01: ParticleUniverse: Particle EventHandler Type 'DoFreeze' registered
14:17:01: ParticleUniverse: Particle EventHandler Type 'DoPlacementParticle' registered
14:17:01: ParticleUniverse: Particle EventHandler Type 'DoStopSystem' registered
14:17:01: ParticleUniverse: Particle EventHandler Type 'DoEnableComponent' registered
14:17:01: ParticleUniverse: Particle EventHandler Type 'DoAffector' registered
14:17:01: ParticleUniverse: Particle EventHandler Type 'DoScale' registered
14:17:01: ParticleUniverse: Particle Extern Type 'Gravity' registered
14:17:01: ParticleUniverse: Particle Extern Type 'SphereCollider' registered
14:17:01: ParticleUniverse: Particle Extern Type 'BoxCollider' registered
14:17:01: ParticleUniverse: Particle Extern Type 'Vortex' registered
14:17:01: ParticleUniverse: Particle Extern Type 'SceneDecorator' registered
14:17:01: ParticleUniverse: Particle Behaviour Type 'Slave' registered
14:17:01: Plugin successfully installed
14:17:01: *-*-* OGRE Initialising
14:17:01: *-*-* Version 1.9.0 (Ghadamon)
14:17:01: CPU Identifier & Features
14:17:01: -------------------------
14:17:01:  *   CPU ID: GenuineIntel: Intel(R) Core(TM) i7-3520M CPU @ 2.90GHz
14:17:01:  *      SSE: yes
14:17:01:  *     SSE2: yes
14:17:01:  *     SSE3: yes
14:17:01:  *      MMX: yes
14:17:01:  *   MMXEXT: yes
14:17:01:  *    3DNOW: no
14:17:01:  * 3DNOWEXT: no
14:17:01:  *     CMOV: yes
14:17:01:  *      TSC: yes
14:17:01:  *      FPU: yes
14:17:01:  *      PRO: yes
14:17:01:  *       HT: no
14:17:01: -------------------------
14:17:01: *** Starting Win32GL Subsystem ***
14:17:01: Registering ResourceManager for type Texture
14:17:01: GLRenderSystem::_createRenderWindow "NLE Ogre Render Window", 1366x768 windowed  miscParams: FSAA=0 FSAAHint= colourDepth=32 displayFrequency=0 gamma=false hidden=true vsync=false vsyncInterval=1 
14:17:01: Created Win32Window 'NLE Ogre Render Window' : 1366x728, 32bpp
14:17:02: GL_VERSION = 4.0.0 - Build 10.18.10.4252
14:17:02: GL_VENDOR = Intel
14:17:02: GL_RENDERER = Intel(R) HD Graphics 4000
14:17:02: GL_EXTENSIONS = GL_EXT_blend_minmax GL_EXT_blend_subtract GL_EXT_blend_color GL_EXT_abgr GL_EXT_texture3D GL_EXT_clip_volume_hint GL_EXT_compiled_vertex_array GL_SGIS_texture_edge_clamp GL_SGIS_generate_mipmap GL_EXT_draw_range_elements GL_SGIS_texture_lod GL_EXT_rescale_normal GL_EXT_packed_pixels GL_EXT_texture_edge_clamp GL_EXT_separate_specular_color GL_ARB_multitexture GL_ARB_map_buffer_alignment GL_ARB_conservative_depth GL_EXT_texture_env_combine GL_EXT_bgra GL_EXT_blend_func_separate GL_EXT_secondary_color GL_EXT_fog_coord GL_EXT_texture_env_add GL_ARB_texture_cube_map GL_ARB_transpose_matrix GL_ARB_internalformat_query GL_ARB_internalformat_query2 GL_ARB_texture_env_add GL_IBM_texture_mirrored_repeat GL_EXT_multi_draw_arrays GL_SUN_multi_draw_arrays GL_NV_blend_square GL_ARB_texture_compression GL_3DFX_texture_compression_FXT1 GL_EXT_texture_filter_anisotropic GL_ARB_texture_border_clamp GL_ARB_point_parameters GL_ARB_texture_env_combine GL_ARB_texture_env_dot3 GL_ARB_texture_env_crossbar GL_EXT_texture_compression_s3tc GL_ARB_shadow GL_ARB_window_pos GL_EXT_shadow_funcs GL_EXT_stencil_wrap GL_ARB_vertex_program GL_EXT_texture_rectangle GL_ARB_fragment_program GL_EXT_stencil_two_side GL_ATI_separate_stencil GL_ARB_vertex_buffer_object GL_EXT_texture_lod_bias GL_ARB_occlusion_query GL_ARB_fragment_shader GL_ARB_shader_objects GL_ARB_shading_language_100 GL_ARB_texture_non_power_of_two GL_ARB_vertex_shader GL_NV_texgen_reflection GL_ARB_point_sprite GL_ARB_fragment_program_shadow GL_EXT_blend_equation_separate GL_ARB_depth_texture GL_ARB_texture_rectangle GL_ARB_draw_buffers GL_ARB_color_buffer_float GL_ARB_half_float_pixel GL_ARB_texture_float GL_ARB_pixel_buffer_object GL_EXT_framebuffer_object GL_ARB_draw_instanced GL_ARB_half_float_vertex GL_ARB_occlusion_query2 GL_EXT_draw_buffers2 GL_WIN_swap_hint GL_EXT_texture_sRGB GL_ARB_multisample GL_EXT_packed_float GL_EXT_texture_shared_exponent GL_ARB_texture_rg GL_ARB_texture_compression_rgtc GL_NV_conditional_render GL_ARB_texture_swizzle GL_EXT_texture_swizzle GL_ARB_texture_gather GL_ARB_sync GL_ARB_framebuffer_sRGB GL_EXT_packed_depth_stencil GL_ARB_depth_buffer_float GL_EXT_transform_feedback GL_ARB_transform_feedback2 GL_ARB_draw_indirect GL_EXT_framebuffer_blit GL_EXT_framebuffer_multisample GL_ARB_framebuffer_object GL_ARB_framebuffer_no_attachments GL_EXT_texture_array GL_EXT_texture_integer GL_ARB_map_buffer_range GL_ARB_texture_buffer_range GL_EXT_texture_buffer GL_EXT_texture_snorm GL_ARB_blend_func_extended GL_INTEL_performance_queries GL_INTEL_performance_query GL_ARB_copy_buffer GL_ARB_sampler_objects GL_NV_primitive_restart GL_ARB_seamless_cube_map GL_ARB_uniform_buffer_object GL_ARB_depth_clamp GL_ARB_vertex_array_bgra GL_ARB_shader_bit_encoding GL_ARB_draw_buffers_blend GL_ARB_geometry_shader4 GL_EXT_geometry_shader4 GL_ARB_texture_query_lod GL_ARB_explicit_attrib_location GL_ARB_draw_elements_base_vertex GL_ARB_instanced_arrays GL_ARB_base_instance GL_ARB_fragment_coord_conventions GL_EXT_gpu_program_parameters GL_ARB_texture_buffer_object_rgb32 GL_ARB_compatibility GL_ARB_texture_rgb10_a2ui GL_ARB_texture_multisample GL_ARB_vertex_type_2_10_10_10_rev GL_ARB_timer_query GL_ARB_tessellation_shader GL_ARB_vertex_array_object GL_ARB_provoking_vertex GL_ARB_sample_shading GL_ARB_texture_cube_map_array GL_EXT_gpu_shader4 GL_ARB_gpu_shader5 GL_ARB_gpu_shader_fp64 GL_ARB_shader_subroutine GL_ARB_transform_feedback3 GL_ARB_get_program_binary GL_ARB_separate_shader_objects GL_ARB_shader_precision GL_ARB_vertex_attrib_64bit GL_ARB_viewport_array GL_ARB_transform_feedback_instanced GL_ARB_compressed_texture_pixel_storage GL_ARB_shader_atomic_counters GL_ARB_shading_language_packing GL_ARB_shading_language_420pack GL_ARB_texture_storage GL_EXT_texture_storage GL_ARB_vertex_attrib_binding GL_ARB_multi_draw_indirect GL_ARB_program_interface_query GL_ARB_texture_storage_multisample GL_ARB_buffer_storage GL_ARB_debug_output GL_KHR_debug GL_ARB_arrays_of_arrays GL_INTEL_map_texture GL_ARB_texture_compression_bptc GL_ARB_ES2_compatibility GL_ARB_ES3_compatibility GL_ARB_robustness GL_EXT_texture_sRGB_decode GL_KHR_blend_equation_advanced GL_EXT_shader_integer_mix GL_ARB_stencil_texturing 
14:17:02: Supported WGL extensions: WGL_EXT_depth_float WGL_ARB_buffer_region WGL_ARB_extensions_string WGL_ARB_make_current_read WGL_ARB_pixel_format WGL_ARB_pbuffer WGL_EXT_extensions_string WGL_EXT_swap_control WGL_EXT_swap_control_tear WGL_ARB_multisample WGL_ARB_pixel_format_float WGL_ARB_framebuffer_sRGB WGL_ARB_create_context WGL_ARB_create_context_profile WGL_EXT_pixel_format_packed_float WGL_EXT_create_context_es_profile WGL_EXT_create_context_es2_profile WGL_NV_DX_interop WGL_ARB_create_context_robustness 
14:17:02: ***************************
14:17:02: *** GL Renderer Started ***
14:17:02: ***************************
14:17:02: Registering ResourceManager for type GpuProgram
14:17:02: GLSL support detected
14:17:02: GL: Using GL_EXT_framebuffer_object for rendering to textures (best)
14:17:02: FBO PF_UNKNOWN depth/stencil support: D0S1 D0S4 D0S8 D0S16 D16S0 D16S1 D16S4 D16S8 D16S16 D24S0 D24S1 D24S4 D24S8 D24S16 D32S0 D32S1 D32S4 D32S8 D32S16 Packed-D24S8 
14:17:02: FBO PF_A8 depth/stencil support: D0S0 D0S1 D0S4 D0S8 D0S16 D16S0 D16S1 D16S4 D16S8 D16S16 D24S0 D24S1 D24S4 D24S8 D24S16 D32S0 D32S1 D32S4 D32S8 D32S16 Packed-D24S8 
14:17:02: FBO PF_R5G6B5 depth/stencil support: D0S0 D0S1 D0S4 D0S8 D0S16 D16S0 D16S1 D16S4 D16S8 D16S16 D24S0 D24S1 D24S4 D24S8 D24S16 D32S0 D32S1 D32S4 D32S8 D32S16 Packed-D24S8 
14:17:02: FBO PF_B5G6R5 depth/stencil support: D0S0 D0S1 D0S4 D0S8 D0S16 D16S0 D16S1 D16S4 D16S8 D16S16 D24S0 D24S1 D24S4 D24S8 D24S16 D32S0 D32S1 D32S4 D32S8 D32S16 Packed-D24S8 
14:17:02: FBO PF_A4R4G4B4 depth/stencil support: D0S0 D0S1 D0S4 D0S8 D0S16 D16S0 D16S1 D16S4 D16S8 D16S16 D24S0 D24S1 D24S4 D24S8 D24S16 D32S0 D32S1 D32S4 D32S8 D32S16 Packed-D24S8 
14:17:02: FBO PF_A1R5G5B5 depth/stencil support: D0S0 D0S1 D0S4 D0S8 D0S16 D16S0 D16S1 D16S4 D16S8 D16S16 D24S0 D24S1 D24S4 D24S8 D24S16 D32S0 D32S1 D32S4 D32S8 D32S16 Packed-D24S8 
14:17:02: FBO PF_R8G8B8 depth/stencil support: D0S0 D0S1 D0S4 D0S8 D0S16 D16S0 D16S1 D16S4 D16S8 D16S16 D24S0 D24S1 D24S4 D24S8 D24S16 D32S0 D32S1 D32S4 D32S8 D32S16 Packed-D24S8 
14:17:02: FBO PF_B8G8R8 depth/stencil support: D0S0 D0S1 D0S4 D0S8 D0S16 D16S0 D16S1 D16S4 D16S8 D16S16 D24S0 D24S1 D24S4 D24S8 D24S16 D32S0 D32S1 D32S4 D32S8 D32S16 Packed-D24S8 
14:17:02: FBO PF_A8R8G8B8 depth/stencil support: D0S0 D0S1 D0S4 D0S8 D0S16 D16S0 D16S1 D16S4 D16S8 D16S16 D24S0 D24S1 D24S4 D24S8 D24S16 D32S0 D32S1 D32S4 D32S8 D32S16 Packed-D24S8 
14:17:02: FBO PF_B8G8R8A8 depth/stencil support: D0S0 D0S1 D0S4 D0S8 D0S16 D16S0 D16S1 D16S4 D16S8 D16S16 D24S0 D24S1 D24S4 D24S8 D24S16 D32S0 D32S1 D32S4 D32S8 D32S16 Packed-D24S8 
14:17:02: FBO PF_A2R10G10B10 depth/stencil support: D0S0 D0S1 D0S4 D0S8 D0S16 D16S0 D16S1 D16S4 D16S8 D16S16 D24S0 D24S1 D24S4 D24S8 D24S16 D32S0 D32S1 D32S4 D32S8 D32S16 Packed-D24S8 
14:17:02: FBO PF_A2B10G10R10 depth/stencil support: D0S0 D0S1 D0S4 D0S8 D0S16 D16S0 D16S1 D16S4 D16S8 D16S16 D24S0 D24S1 D24S4 D24S8 D24S16 D32S0 D32S1 D32S4 D32S8 D32S16 Packed-D24S8 
14:17:02: FBO PF_FLOAT16_RGB depth/stencil support: D0S0 D0S1 D0S4 D0S8 D0S16 D16S0 D16S1 D16S4 D16S8 D16S16 D24S0 D24S1 D24S4 D24S8 D24S16 D32S0 D32S1 D32S4 D32S8 D32S16 Packed-D24S8 
14:17:02: FBO PF_FLOAT16_RGBA depth/stencil support: D0S0 D0S1 D0S4 D0S8 D0S16 D16S0 D16S1 D16S4 D16S8 D16S16 D24S0 D24S1 D24S4 D24S8 D24S16 D32S0 D32S1 D32S4 D32S8 D32S16 Packed-D24S8 
14:17:02: FBO PF_FLOAT32_RGB depth/stencil support: D0S0 D0S1 D0S4 D0S8 D0S16 D16S0 D16S1 D16S4 D16S8 D16S16 D24S0 D24S1 D24S4 D24S8 D24S16 D32S0 D32S1 D32S4 D32S8 D32S16 Packed-D24S8 
14:17:02: FBO PF_FLOAT32_RGBA depth/stencil support: D0S0 D0S1 D0S4 D0S8 D0S16 D16S0 D16S1 D16S4 D16S8 D16S16 D24S0 D24S1 D24S4 D24S8 D24S16 D32S0 D32S1 D32S4 D32S8 D32S16 Packed-D24S8 
14:17:02: FBO PF_X8R8G8B8 depth/stencil support: D0S0 D0S1 D0S4 D0S8 D0S16 D16S0 D16S1 D16S4 D16S8 D16S16 D24S0 D24S1 D24S4 D24S8 D24S16 D32S0 D32S1 D32S4 D32S8 D32S16 Packed-D24S8 
14:17:02: FBO PF_X8B8G8R8 depth/stencil support: D0S0 D0S1 D0S4 D0S8 D0S16 D16S0 D16S1 D16S4 D16S8 D16S16 D24S0 D24S1 D24S4 D24S8 D24S16 D32S0 D32S1 D32S4 D32S8 D32S16 Packed-D24S8 
14:17:02: FBO PF_SHORT_RGBA depth/stencil support: D0S0 D0S1 D0S4 D0S8 D0S16 D16S0 D16S1 D16S4 D16S8 D16S16 D24S0 D24S1 D24S4 D24S8 D24S16 D32S0 D32S1 D32S4 D32S8 D32S16 Packed-D24S8 
14:17:02: FBO PF_R3G3B2 depth/stencil support: D0S0 D0S1 D0S4 D0S8 D0S16 D16S0 D16S1 D16S4 D16S8 D16S16 D24S0 D24S1 D24S4 D24S8 D24S16 D32S0 D32S1 D32S4 D32S8 D32S16 Packed-D24S8 
14:17:02: FBO PF_SHORT_RGB depth/stencil support: D0S0 D0S1 D0S4 D0S8 D0S16 D16S0 D16S1 D16S4 D16S8 D16S16 D24S0 D24S1 D24S4 D24S8 D24S16 D32S0 D32S1 D32S4 D32S8 D32S16 Packed-D24S8 
14:17:02: [GL] : Valid FBO targets PF_UNKNOWN PF_A8 PF_R5G6B5 PF_B5G6R5 PF_A4R4G4B4 PF_A1R5G5B5 PF_R8G8B8 PF_B8G8R8 PF_A8R8G8B8 PF_B8G8R8A8 PF_A2R10G10B10 PF_A2B10G10R10 PF_FLOAT16_RGB PF_FLOAT16_RGBA PF_FLOAT32_RGB PF_FLOAT32_RGBA PF_X8R8G8B8 PF_X8B8G8R8 PF_SHORT_RGBA PF_R3G3B2 PF_SHORT_RGB 
14:17:02: RenderSystem capabilities
14:17:02: -------------------------
14:17:02: RenderSystem Name: OpenGL Rendering Subsystem
14:17:02: GPU Vendor: intel
14:17:02: Device Name: Intel(R) HD Graphics 4000
14:17:02: Driver Version: 4.0.0.0
14:17:02:  * Fixed function pipeline: yes
14:17:02:  * Hardware generation of mipmaps: no
14:17:02:  * Texture blending: yes
14:17:02:  * Anisotropic texture filtering: yes
14:17:02:  * Dot product texture operation: yes
14:17:02:  * Cube mapping: yes
14:17:02:  * Hardware stencil buffer: yes
14:17:02:    - Stencil depth: 8
14:17:02:    - Two sided stencil support: yes
14:17:02:    - Wrap stencil values: yes
14:17:02:  * Hardware vertex / index buffers: yes
14:17:02:  * 32-bit index buffers: yes
14:17:02:  * Vertex programs: yes
14:17:02:  * Number of floating-point constants for vertex programs: 256
14:17:02:  * Number of integer constants for vertex programs: 0
14:17:02:  * Number of boolean constants for vertex programs: 0
14:17:02:  * Fragment programs: yes
14:17:02:  * Number of floating-point constants for fragment programs: 256
14:17:02:  * Number of integer constants for fragment programs: 0
14:17:02:  * Number of boolean constants for fragment programs: 0
14:17:02:  * Geometry programs: yes
14:17:02:  * Number of floating-point constants for geometry programs: 4096
14:17:02:  * Number of integer constants for geometry programs: 0
14:17:02:  * Number of boolean constants for geometry programs: 0
14:17:02:  * Tesselation Hull programs: no
14:17:02:  * Number of floating-point constants for tesselation hull programs: 62355
14:17:02:  * Number of integer constants for tesselation hull programs: 935
14:17:02:  * Number of boolean constants for tesselation hull programs: 0
14:17:02:  * Tesselation Domain programs: no
14:17:02:  * Number of floating-point constants for tesselation domain programs: 0
14:17:02:  * Number of integer constants for tesselation domain programs: 0
14:17:02:  * Number of boolean constants for tesselation domain programs: 0
14:17:02:  * Compute programs: no
14:17:02:  * Number of floating-point constants for compute programs: 0
14:17:02:  * Number of integer constants for compute programs: 0
14:17:02:  * Number of boolean constants for compute programs: 62156
14:17:02:  * Supported Shader Profiles: arbfp1 arbvp1 glsl glsl100 glsl110 glsl120 gp4gp gpu_gp nvgp4
14:17:02:  * Texture Compression: yes
14:17:02:    - DXT: yes
14:17:02:    - VTC: no
14:17:02:    - PVRTC: no
14:17:02:    - ATC: no
14:17:02:    - ETC1: no
14:17:02:    - ETC2: no
14:17:02:    - BC4/BC5: no
14:17:02:    - BC6H/BC7: no
14:17:02:  * Scissor Rectangle: yes
14:17:02:  * Hardware Occlusion Query: yes
14:17:02:  * User clip planes: yes
14:17:02:  * VET_UBYTE4 vertex element type: yes
14:17:02:  * Infinite far plane projection: yes
14:17:02:  * Hardware render-to-texture: yes
14:17:02:  * Floating point textures: yes
14:17:02:  * Non-power-of-two textures: yes
14:17:02:  * 1d textures: yes
14:17:02:  * Volume textures: yes
14:17:02:  * Multiple Render Targets: 8
14:17:02:    - With different bit depths: yes
14:17:02:  * Point Sprites: yes
14:17:02:  * Extended point parameters: yes
14:17:02:  * Max Point Size: 255
14:17:02:  * Vertex texture fetch: yes
14:17:02:  * Number of world matrices: 0
14:17:02:  * Number of texture units: 16
14:17:02:  * Stencil buffer depth: 8
14:17:02:  * Number of vertex blend matrices: 0
14:17:02:    - Max vertex textures: 16
14:17:02:    - Vertex textures shared: yes
14:17:02:  * Render to Vertex Buffer : no
14:17:02:  * Hardware Atomic Counters: no
14:17:02:  * GL 1.5 without VBO workaround: no
14:17:02:  * Frame Buffer objects: yes
14:17:02:  * Frame Buffer objects (ARB extension): no
14:17:02:  * Frame Buffer objects (ATI extension): no
14:17:02:  * PBuffer support: yes
14:17:02:  * GL 1.5 without HW-occlusion workaround: no
14:17:02:  * Vertex Array Objects: no
14:17:02:  * Separate shader objects: no
14:17:02: DefaultWorkQueue('Root') initialising on thread main.
14:17:02: Particle Renderer Type 'billboard' registered
14:17:02: Parsing scripts for resource group Autodetect
14:17:02: --------------- ScriptLoader pattern suffix begin --------------------
14:17:02: ScriptLoader pattern is: *.program
14:17:02: ScriptLoader pattern is: *.material
14:17:02: ScriptLoader pattern is: *.particle
14:17:02: ScriptLoader pattern is: *.compositor
14:17:02: ScriptLoader pattern is: *.os
14:17:02: ScriptLoader pattern is: *.pua
14:17:02: ScriptLoader pattern is: *.pu
14:17:02: ------------------ ScriptLoader pattern suffix end -------------------
14:17:02: Finished parsing scripts for resource group Autodetect
14:17:02: Creating resources for group Autodetect
14:17:02: All done
14:17:02: Parsing scripts for resource group General
14:17:02: Finished parsing scripts for resource group General
14:17:02: Creating resources for group General
14:17:02: All done
14:17:02: Parsing scripts for resource group Internal
14:17:02: Finished parsing scripts for resource group Internal
14:17:02: Creating resources for group Internal
14:17:02: All done
14:17:18: GLSL compiling: defaultVertexProgram_GLSL
14:17:18: GLSL compiled: 
14:17:18: GLSL compiling: f0d995813bf43517b593b7549deb79a0_FRAG_GLSL
14:17:18: GLSL compiled: 
14:17:18: Vertex Program:defaultVertexProgram_GLSL Fragment Program:f0d995813bf43517b593b7549deb79a0_FRAG_GLSL GLSL link result : 
14:17:31: GLSL compiling: 24cc8659ef9777a5d28beab4bc2c192c_FRAG_GLSL
14:17:31: GLSL compiled: 
14:17:31: Vertex Program:defaultVertexProgram_GLSL Fragment Program:24cc8659ef9777a5d28beab4bc2c192c_FRAG_GLSL GLSL link result : 
14:17:40: GLSL compiling: 237fceafe2644e322aab3de55c7cbf9e_FRAG_GLSL
14:17:40: GLSL compiled: 
14:17:40: Vertex Program:defaultVertexProgram_GLSL Fragment Program:237fceafe2644e322aab3de55c7cbf9e_FRAG_GLSL GLSL link result : 
14:17:52: GLSL compiling: d4beb46486a4b0a495405884e984ef9e_FRAG_GLSL
14:17:52: GLSL compiled: 
14:17:52: Vertex Program:defaultVertexProgram_GLSL Fragment Program:d4beb46486a4b0a495405884e984ef9e_FRAG_GLSL GLSL link result : 
14:19:51: GLSL compiling: 3eb525087423f988581c251eb98ab19d_FRAG_GLSL
14:19:51: GLSL compiled: 
14:19:51: Vertex Program:defaultVertexProgram_GLSL Fragment Program:3eb525087423f988581c251eb98ab19d_FRAG_GLSL GLSL link result : 
14:20:15: GLSL compiling: ee64c3eebe0a64338b90defc44c19938_FRAG_GLSL
14:20:15: GLSL compiled: 
14:20:15: Vertex Program:defaultVertexProgram_GLSL Fragment Program:ee64c3eebe0a64338b90defc44c19938_FRAG_GLSL GLSL link result : 
14:20:30: GLSL compiling: c7a582fa05706947632368b0f4e7f58e_FRAG_GLSL
14:20:30: GLSL compiled: WARNING: 0:1: 'assign' : implicit type conversion allowed from GLSL 1.20 
WARNING: 0:1: 'assigning' : implict conversion between types allowed from GLSL 1.20 
WARNING: 0:1: Unary operation folding into constant is supported in newer GLSL versions


14:20:30: Vertex Program:defaultVertexProgram_GLSL Fragment Program:c7a582fa05706947632368b0f4e7f58e_FRAG_GLSL GLSL link result : 
14:20:43: GLSL compiling: f2b221d4441d3bb2cace5b0b6f830355_FRAG_GLSL
14:20:43: GLSL compiled: WARNING: 0:1: 'GL_3DL_array_objects' :  extension is not available in current GLSL version
WARNING: 0:1: 'assign' : implicit type conversion allowed from GLSL 1.20 
WARNING: 0:1: 'assign' : implicit type conversion allowed from GLSL 1.20 
WARNING: 0:1: 'assign' : implicit type conversion allowed from GLSL 1.20 
WARNING: 0:1: 'GL_3DL_array_objects' :  extension is not available in current GLSL version
WARNING: 0:1: 'GL_3DL_array_objects' :  extension is not available in current GLSL version


14:20:43: Vertex Program:defaultVertexProgram_GLSL Fragment Program:f2b221d4441d3bb2cace5b0b6f830355_FRAG_GLSL GLSL link result : 
14:21:14: GLSL compiling: cf0a0bcc829535af2f443a698ebc1f90_FRAG_GLSL
14:21:14: GLSL compiled: 
14:21:14: Vertex Program:defaultVertexProgram_GLSL Fragment Program:cf0a0bcc829535af2f443a698ebc1f90_FRAG_GLSL GLSL link result : 
14:22:11: GLSL compiling: e45b5e48462d1cee52f75c8e74f42eef_FRAG_GLSL
14:22:11: GLSL compiled: 
14:22:11: Vertex Program:defaultVertexProgram_GLSL Fragment Program:e45b5e48462d1cee52f75c8e74f42eef_FRAG_GLSL GLSL link result : 
14:22:42: GLSL compiling: ff4fe67715934447db478e614db462a7_FRAG_GLSL
14:22:42: GLSL compiled: 
14:22:42: Vertex Program:defaultVertexProgram_GLSL Fragment Program:ff4fe67715934447db478e614db462a7_FRAG_GLSL GLSL link result : 
14:22:45: GLSL compiling: 1c443eac5982194068161bb3a9a7348a_FRAG_GLSL
14:22:45: GLSL compiled: 
14:22:45: Vertex Program:defaultVertexProgram_GLSL Fragment Program:1c443eac5982194068161bb3a9a7348a_FRAG_GLSL GLSL link result : 
14:22:47: GLSL compiling: 951518ba55e44a48c51c7b30300337da_FRAG_GLSL
14:22:47: GLSL compiled: WARNING: 0:1: 'assign' : implicit type conversion allowed from GLSL 1.20 
WARNING: 0:1: 'assign' : implicit type conversion allowed from GLSL 1.20 
WARNING: 0:1: 'assign' : implicit type conversion allowed from GLSL 1.20 
WARNING: 0:1: 'assign' : implicit type conversion allowed from GLSL 1.20 
WARNING: 0:1: 'assign' : implicit type conversion allowed from GLSL 1.20 
WARNING: 0:1: 'assign' : implicit type conversion allowed from GLSL 1.20 
WARNING: 0:1: 'assign' : implicit type conversion allowed from GLSL 1.20 
WARNING: 0:1: 'assign' : implicit type conversion allowed from GLSL 1.20 


14:22:47: Vertex Program:defaultVertexProgram_GLSL Fragment Program:951518ba55e44a48c51c7b30300337da_FRAG_GLSL GLSL link result : 
14:22:54: GLSL compiling: c45fb3b33c8360e745f720611c1ec730_FRAG_GLSL
14:22:54: GLSL compiled: 
14:22:54: Vertex Program:defaultVertexProgram_GLSL Fragment Program:c45fb3b33c8360e745f720611c1ec730_FRAG_GLSL GLSL link result : 
14:23:03: GLSL compiling: 7a5c7c867029b936837d24aead9e7ad9_FRAG_GLSL
14:23:03: GLSL compiled: 
14:23:03: Vertex Program:defaultVertexProgram_GLSL Fragment Program:7a5c7c867029b936837d24aead9e7ad9_FRAG_GLSL GLSL link result : 
14:23:09: GLSL compiling: 3a1e0ec0efc9226e3807bce8da24e433_FRAG_GLSL
14:23:09: GLSL compiled: WARNING: 0:1: 'assign' : implicit type conversion allowed from GLSL 1.20 


14:23:09: Vertex Program:defaultVertexProgram_GLSL Fragment Program:3a1e0ec0efc9226e3807bce8da24e433_FRAG_GLSL GLSL link result : 
14:23:43: GLSL compiling: f8a08aeda61e4a1e2ae3113acc6eecee_FRAG_GLSL
14:23:43: GLSL compiled: 
14:23:43: Vertex Program:defaultVertexProgram_GLSL Fragment Program:f8a08aeda61e4a1e2ae3113acc6eecee_FRAG_GLSL GLSL link result : 
14:26:50: GLSL compiling: a0d003a3af72bdb80e5663d7c477da7f_FRAG_GLSL
14:26:50: GLSL compiled: 
14:26:50: Vertex Program:defaultVertexProgram_GLSL Fragment Program:a0d003a3af72bdb80e5663d7c477da7f_FRAG_GLSL GLSL link result : 
14:28:48: Delete all effect!
14:28:48: DefaultWorkQueue('Root') shutting down on thread main.
14:28:48: *-*-* OGRE Shutdown
14:28:48: Unregistering ResourceManager for type Compositor
14:28:48: Unregistering ResourceManager for type Skeleton
14:28:48: Unregistering ResourceManager for type Mesh
14:28:48: Unregistering ResourceManager for type HighLevelGpuProgram
14:28:48: Uninstalling plugin: ParticleUniverse
14:28:48: Plugin successfully uninstalled
14:28:48: Unloading library .\ParticleUniverse
14:28:48: Uninstalling plugin: GL RenderSystem
14:28:48: Unregistering ResourceManager for type GpuProgram
14:28:48: *** Stopping Win32GL Subsystem ***
14:28:48: Unregistering ResourceManager for type Texture
14:28:48: Plugin successfully uninstalled
14:28:48: Unloading library .\RenderSystem_GL
14:28:48: Unregistering ResourceManager for type Material
